<?xml version="1.0" encoding="UTF-8"?>
<!-- Generated by org.testng.reporters.JUnitReportReporter -->
<testsuite hostname="mindc1d445" failures="0" tests="9" name="com.mindtree.runner.TestCase" time="25.056" errors="0" timestamp="2022-05-23T13:33:04 IST" skipped="0">
  <testcase classname="com.mindtree.runner.TestCase" name="test1" time="2.433"/>
  <system-out/>
  <testcase classname="com.mindtree.runner.TestCase" name="test2" time="3.279"/>
  <system-out/>
  <testcase classname="com.mindtree.runner.TestCase" name="test3" time="2.254"/>
  <system-out/>
  <testcase classname="com.mindtree.runner.TestCase" name="test4" time="2.850"/>
  <system-out/>
  <testcase classname="com.mindtree.runner.TestCase" name="test6" time="3.665"/>
  <system-out/>
  <testcase classname="com.mindtree.runner.TestCase" name="test7" time="2.994"/>
  <system-out/>
  <testcase classname="com.mindtree.runner.TestCase" name="test8" time="2.490"/>
  <system-out/>
  <testcase classname="com.mindtree.runner.TestCase" name="test9" time="3.151"/>
  <system-out/>
  <testcase classname="com.mindtree.runner.TestCase" name="test10" time="1.940"/>
  <system-out/>
</testsuite> <!-- com.mindtree.runner.TestCase -->
