<?xml version="1.0" encoding="UTF-8"?>
<!-- Generated by org.testng.reporters.JUnitReportReporter -->
<testsuite hostname="mindc1d445" failures="0" tests="9" name="com.mindtree.runner.TestCase1" time="26.285" errors="0" timestamp="2022-05-23T10:42:04 IST" skipped="0">
  <testcase classname="com.mindtree.runner.TestCase1" name="test1" time="2.847"/>
  <system-out/>
  <testcase classname="com.mindtree.runner.TestCase1" name="test2" time="4.434"/>
  <system-out/>
  <testcase classname="com.mindtree.runner.TestCase1" name="test3" time="2.423"/>
  <system-out/>
  <testcase classname="com.mindtree.runner.TestCase1" name="test4" time="2.905"/>
  <system-out/>
  <testcase classname="com.mindtree.runner.TestCase1" name="test6" time="3.215"/>
  <system-out/>
  <testcase classname="com.mindtree.runner.TestCase1" name="test7" time="3.186"/>
  <system-out/>
  <testcase classname="com.mindtree.runner.TestCase1" name="test8" time="2.678"/>
  <system-out/>
  <testcase classname="com.mindtree.runner.TestCase1" name="test9" time="2.374"/>
  <system-out/>
  <testcase classname="com.mindtree.runner.TestCase1" name="test10" time="2.223"/>
  <system-out/>
</testsuite> <!-- com.mindtree.runner.TestCase1 -->
